\BOOKMARK [1][-]{section.1}{Introduction}{}% 1
\BOOKMARK [1][-]{section.2}{Background and Theory}{}% 2
\BOOKMARK [2][-]{subsection.2.1}{Equilibrium propagation}{section.2}% 3
\BOOKMARK [3][-]{subsubsection.2.1.1}{Implementation in a continuous Hopfield network}{subsection.2.1}% 4
\BOOKMARK [2][-]{subsection.2.2}{Comparing the computational complexity of equilibrium propagation and backpropagation}{section.2}% 5
\BOOKMARK [3][-]{subsubsection.2.2.1}{Requirements of equilibrium propagation}{subsection.2.2}% 6
\BOOKMARK [3][-]{subsubsection.2.2.2}{Requirements of backpropagation}{subsection.2.2}% 7
\BOOKMARK [3][-]{subsubsection.2.2.3}{Comparison}{subsection.2.2}% 8
\BOOKMARK [2][-]{subsection.2.3}{Vanishing gradient problem}{section.2}% 9
\BOOKMARK [1][-]{section.3}{Implementation}{}% 10
\BOOKMARK [2][-]{subsection.3.1}{Layered topology with per-layer rates}{section.3}% 11
\BOOKMARK [2][-]{subsection.3.2}{Layered topology with global learning rate}{section.3}% 12
\BOOKMARK [2][-]{subsection.3.3}{Our topology}{section.3}% 13
\BOOKMARK [2][-]{subsection.3.4}{Deeper networks}{section.3}% 14
\BOOKMARK [1][-]{section.4}{Results}{}% 15
\BOOKMARK [2][-]{subsection.4.1}{Network performance comparison}{section.4}% 16
\BOOKMARK [2][-]{subsection.4.2}{Training rates of individual pairs of layers}{section.4}% 17
\BOOKMARK [2][-]{subsection.4.3}{Effect of p}{section.4}% 18
\BOOKMARK [1][-]{section.5}{Related work}{}% 19
\BOOKMARK [1][-]{section.6}{Directions for Future Research}{}% 20
